<?xml version="1.0" encoding="UTF-8"?>
<testng-results ignored="0" total="1" passed="1" failed="0" skipped="0">
  <reporter-output>
  </reporter-output>
  <suite started-at="2023-09-25T11:46:16 IST" name="All Test Suite" finished-at="2023-09-25T11:46:21 IST" duration-ms="4781">
    <groups>
      <group name="cucumber">
        <method signature="AbstractTestNGCucumberTests.runScenario(io.cucumber.testng.PickleWrapper,io.cucumber.testng.FeatureWrapper)[pri:0, instance:TestRunner@6e4784bc]" name="runScenario" class="io.cucumber.testng.AbstractTestNGCucumberTests"/>
      </group> <!-- cucumber -->
    </groups>
    <test started-at="2023-09-25T11:46:16 IST" name="D:/SeleniumJavaFiles/Selenium_Projects/BDDClickCounterPageTest3/src/main/java/org/example/Main.java" finished-at="2023-09-25T11:46:21 IST" duration-ms="4781">
      <class name="TestRunner">
        <test-method is-config="true" signature="setUpClass(org.testng.ITestContext)[pri:0, instance:TestRunner@6e4784bc]" started-at="2023-09-25T11:46:16 IST" name="setUpClass" finished-at="2023-09-25T11:46:17 IST" duration-ms="664" status="PASS">
          <params>
            <param index="0">
              <value>
                <![CDATA[org.testng.TestRunner@19a64eae]]>
              </value>
            </param>
          </params>
          <reporter-output>
          </reporter-output>
        </test-method> <!-- setUpClass -->
        <test-method signature="runScenario(io.cucumber.testng.PickleWrapper,io.cucumber.testng.FeatureWrapper)[pri:0, instance:TestRunner@6e4784bc]" started-at="2023-09-25T11:46:17 IST" name="runScenario" description="Runs Cucumber Scenarios" data-provider="scenarios" finished-at="2023-09-25T11:46:21 IST" duration-ms="4045" status="PASS">
          <params>
            <param index="0">
              <value>
                <![CDATA["Correct Counter Display"]]>
              </value>
            </param>
            <param index="1">
              <value>
                <![CDATA["Click Counter Functionality"]]>
              </value>
            </param>
          </params>
          <reporter-output>
          </reporter-output>
        </test-method> <!-- runScenario -->
        <test-method is-config="true" signature="tearDownClass()[pri:0, instance:TestRunner@6e4784bc]" started-at="2023-09-25T11:46:21 IST" name="tearDownClass" finished-at="2023-09-25T11:46:21 IST" duration-ms="9" status="PASS">
          <reporter-output>
          </reporter-output>
        </test-method> <!-- tearDownClass -->
      </class> <!-- TestRunner -->
    </test> <!-- D:/SeleniumJavaFiles/Selenium_Projects/BDDClickCounterPageTest3/src/main/java/org/example/Main.java -->
  </suite> <!-- All Test Suite -->
</testng-results>
